2023-06-27 21:46:29.228  INFO 11488 --- [restartedMain] com.example.sbb.SbbApplication           : Starting SbbApplication using Java 17.0.6 with PID 11488 (C:\Users\INSEONG\Desktop\국비지원 풀스택\자바 프로젝트\sbb\out\production\classes started by INSEONG in C:\Users\INSEONG\Desktop\국비지원 풀스택\자바 프로젝트\sbb)
2023-06-27 21:46:29.238  INFO 11488 --- [restartedMain] com.example.sbb.SbbApplication           : No active profile set, falling back to 1 default profile: "default"
2023-06-27 21:46:29.627  INFO 11488 --- [restartedMain] .e.DevToolsPropertyDefaultsPostProcessor : Devtools property defaults active! Set 'spring.devtools.add-properties' to 'false' to disable
2023-06-27 21:46:29.627  INFO 11488 --- [restartedMain] .e.DevToolsPropertyDefaultsPostProcessor : For additional web related logging consider setting the 'logging.level.web' property to 'DEBUG'
2023-06-27 21:46:30.723  INFO 11488 --- [restartedMain] .s.d.r.c.RepositoryConfigurationDelegate : Bootstrapping Spring Data JPA repositories in DEFAULT mode.
2023-06-27 21:46:30.806  INFO 11488 --- [restartedMain] .s.d.r.c.RepositoryConfigurationDelegate : Finished Spring Data repository scanning in 72 ms. Found 4 JPA repository interfaces.
2023-06-27 21:46:32.011  INFO 11488 --- [restartedMain] o.s.b.w.embedded.tomcat.TomcatWebServer  : Tomcat initialized with port(s): 8000 (http)
2023-06-27 21:46:32.035  INFO 11488 --- [restartedMain] o.apache.catalina.core.StandardService   : Starting service [Tomcat]
2023-06-27 21:46:32.037  INFO 11488 --- [restartedMain] o.apache.catalina.core.StandardEngine    : Starting Servlet engine: [Apache Tomcat/10.1.8]
2023-06-27 21:46:32.184  INFO 11488 --- [restartedMain] o.a.c.c.C.[Tomcat].[localhost].[/]       : Initializing Spring embedded WebApplicationContext
2023-06-27 21:46:32.185  INFO 11488 --- [restartedMain] w.s.c.ServletWebServerApplicationContext : Root WebApplicationContext: initialization completed in 2556 ms
2023-06-27 21:46:32.568  INFO 11488 --- [restartedMain] o.hibernate.jpa.internal.util.LogHelper  : HHH000204: Processing PersistenceUnitInfo [name: default]
2023-06-27 21:46:32.697  INFO 11488 --- [restartedMain] org.hibernate.Version                    : HHH000412: Hibernate ORM core version 6.1.7.Final
2023-06-27 21:46:33.238  INFO 11488 --- [restartedMain] com.zaxxer.hikari.HikariDataSource       : HikariPool-1 - Starting...
2023-06-27 21:46:33.326  INFO 11488 --- [restartedMain] com.zaxxer.hikari.pool.HikariPool        : HikariPool-1 - Added connection org.mariadb.jdbc.Connection@59cfd294
2023-06-27 21:46:33.329  INFO 11488 --- [restartedMain] com.zaxxer.hikari.HikariDataSource       : HikariPool-1 - Start completed.
2023-06-27 21:46:33.373  INFO 11488 --- [restartedMain] SQL dialect                              : HHH000400: Using dialect: org.hibernate.dialect.MariaDBDialect
2023-06-27 21:46:34.445  INFO 11488 --- [restartedMain] o.h.e.t.j.p.i.JtaPlatformInitiator       : HHH000490: Using JtaPlatform implementation: [org.hibernate.engine.transaction.jta.platform.internal.NoJtaPlatform]
2023-06-27 21:46:34.461  INFO 11488 --- [restartedMain] j.LocalContainerEntityManagerFactoryBean : Initialized JPA EntityManagerFactory for persistence unit 'default'
2023-06-27 21:46:34.860  WARN 11488 --- [restartedMain] ocalVariableTableParameterNameDiscoverer : Using deprecated '-debug' fallback for parameter name resolution. Compile the affected code with '-parameters' instead or avoid its introspection: com.example.sbb.question.QuestionRepository
2023-06-27 21:46:35.425  WARN 11488 --- [restartedMain] ocalVariableTableParameterNameDiscoverer : Using deprecated '-debug' fallback for parameter name resolution. Compile the affected code with '-parameters' instead or avoid its introspection: com.example.sbb.user.UserRepository
2023-06-27 21:46:35.666  WARN 11488 --- [restartedMain] JpaBaseConfiguration$JpaWebConfiguration : spring.jpa.open-in-view is enabled by default. Therefore, database queries may be performed during view rendering. Explicitly configure spring.jpa.open-in-view to disable this warning
2023-06-27 21:46:35.997  INFO 11488 --- [restartedMain] o.s.s.web.DefaultSecurityFilterChain     : Will secure any request with [org.springframework.security.web.session.DisableEncodeUrlFilter@23ab2d78, org.springframework.security.web.context.request.async.WebAsyncManagerIntegrationFilter@3b42e956, org.springframework.security.web.context.SecurityContextHolderFilter@287a07a9, org.springframework.security.web.header.HeaderWriterFilter@5d63fd43, org.springframework.security.web.csrf.CsrfFilter@3acfed2, org.springframework.security.web.authentication.logout.LogoutFilter@36d8e0aa, org.springframework.security.web.authentication.UsernamePasswordAuthenticationFilter@21f0b33b, org.springframework.security.web.savedrequest.RequestCacheAwareFilter@3673fb2b, org.springframework.security.web.servletapi.SecurityContextHolderAwareRequestFilter@7f71142a, org.springframework.security.web.authentication.AnonymousAuthenticationFilter@4afee77, org.springframework.security.web.access.ExceptionTranslationFilter@5b5cd281, org.springframework.security.web.access.intercept.AuthorizationFilter@3e4b4ae4]
2023-06-27 21:46:36.740  INFO 11488 --- [restartedMain] o.s.b.d.a.OptionalLiveReloadServer       : LiveReload server is running on port 35729
2023-06-27 21:46:36.795  INFO 11488 --- [restartedMain] o.s.b.w.embedded.tomcat.TomcatWebServer  : Tomcat started on port(s): 8000 (http) with context path ''
2023-06-27 21:46:36.818  INFO 11488 --- [restartedMain] com.example.sbb.SbbApplication           : Started SbbApplication in 8.274 seconds (process running for 8.977)
2023-06-27 21:46:39.317  INFO 11488 --- [SpringApplicationShutdownHook] j.LocalContainerEntityManagerFactoryBean : Closing JPA EntityManagerFactory for persistence unit 'default'
2023-06-27 21:46:39.333  INFO 11488 --- [SpringApplicationShutdownHook] com.zaxxer.hikari.HikariDataSource       : HikariPool-1 - Shutdown initiated...
2023-06-27 21:46:39.340  INFO 11488 --- [SpringApplicationShutdownHook] com.zaxxer.hikari.HikariDataSource       : HikariPool-1 - Shutdown completed.
