2023-05-19 13:02:05.496  INFO 9008 --- [restartedMain] com.example.sbb.SbbApplication           : Starting SbbApplication using Java 17.0.6 with PID 9008 (C:\Users\INSEONG\Desktop\국비지원 풀스택\자바 프로젝트\sbb\out\production\classes started by INSEONG in C:\Users\INSEONG\Desktop\국비지원 풀스택\자바 프로젝트\sbb)
2023-05-19 13:02:05.504  INFO 9008 --- [restartedMain] com.example.sbb.SbbApplication           : No active profile set, falling back to 1 default profile: "default"
2023-05-19 13:02:05.834  INFO 9008 --- [restartedMain] .e.DevToolsPropertyDefaultsPostProcessor : Devtools property defaults active! Set 'spring.devtools.add-properties' to 'false' to disable
2023-05-19 13:02:05.834  INFO 9008 --- [restartedMain] .e.DevToolsPropertyDefaultsPostProcessor : For additional web related logging consider setting the 'logging.level.web' property to 'DEBUG'
2023-05-19 13:02:07.003  INFO 9008 --- [restartedMain] .s.d.r.c.RepositoryConfigurationDelegate : Bootstrapping Spring Data JPA repositories in DEFAULT mode.
2023-05-19 13:02:07.095  INFO 9008 --- [restartedMain] .s.d.r.c.RepositoryConfigurationDelegate : Finished Spring Data repository scanning in 80 ms. Found 3 JPA repository interfaces.
2023-05-19 13:02:08.202  INFO 9008 --- [restartedMain] o.s.b.w.embedded.tomcat.TomcatWebServer  : Tomcat initialized with port(s): 8081 (http)
2023-05-19 13:02:08.226  INFO 9008 --- [restartedMain] o.apache.catalina.core.StandardService   : Starting service [Tomcat]
2023-05-19 13:02:08.226  INFO 9008 --- [restartedMain] o.apache.catalina.core.StandardEngine    : Starting Servlet engine: [Apache Tomcat/10.1.8]
2023-05-19 13:02:08.355  INFO 9008 --- [restartedMain] o.a.c.c.C.[Tomcat].[localhost].[/]       : Initializing Spring embedded WebApplicationContext
2023-05-19 13:02:08.356  INFO 9008 --- [restartedMain] w.s.c.ServletWebServerApplicationContext : Root WebApplicationContext: initialization completed in 2519 ms
2023-05-19 13:02:08.424  INFO 9008 --- [restartedMain] com.zaxxer.hikari.HikariDataSource       : HikariPool-1 - Starting...
2023-05-19 13:02:08.854  INFO 9008 --- [restartedMain] com.zaxxer.hikari.pool.HikariPool        : HikariPool-1 - Added connection conn1: url=jdbc:h2:~/local user=SA
2023-05-19 13:02:08.857  INFO 9008 --- [restartedMain] com.zaxxer.hikari.HikariDataSource       : HikariPool-1 - Start completed.
2023-05-19 13:02:08.867  INFO 9008 --- [restartedMain] o.s.b.a.h2.H2ConsoleAutoConfiguration    : H2 console available at '/h2-console'. Database available at 'jdbc:h2:~/local'
2023-05-19 13:02:09.288  INFO 9008 --- [restartedMain] o.hibernate.jpa.internal.util.LogHelper  : HHH000204: Processing PersistenceUnitInfo [name: default]
2023-05-19 13:02:09.436  INFO 9008 --- [restartedMain] org.hibernate.Version                    : HHH000412: Hibernate ORM core version 6.1.7.Final
2023-05-19 13:02:09.853  INFO 9008 --- [restartedMain] SQL dialect                              : HHH000400: Using dialect: org.hibernate.dialect.H2Dialect
2023-05-19 13:02:10.957  INFO 9008 --- [restartedMain] o.h.e.t.j.p.i.JtaPlatformInitiator       : HHH000490: Using JtaPlatform implementation: [org.hibernate.engine.transaction.jta.platform.internal.NoJtaPlatform]
2023-05-19 13:02:10.971  INFO 9008 --- [restartedMain] j.LocalContainerEntityManagerFactoryBean : Initialized JPA EntityManagerFactory for persistence unit 'default'
2023-05-19 13:02:11.557  WARN 9008 --- [restartedMain] ocalVariableTableParameterNameDiscoverer : Using deprecated '-debug' fallback for parameter name resolution. Compile the affected code with '-parameters' instead or avoid its introspection: com.example.sbb.question.QuestionRepository
2023-05-19 13:02:12.197  WARN 9008 --- [restartedMain] ocalVariableTableParameterNameDiscoverer : Using deprecated '-debug' fallback for parameter name resolution. Compile the affected code with '-parameters' instead or avoid its introspection: com.example.sbb.user.UserRepository
2023-05-19 13:02:12.342  WARN 9008 --- [restartedMain] JpaBaseConfiguration$JpaWebConfiguration : spring.jpa.open-in-view is enabled by default. Therefore, database queries may be performed during view rendering. Explicitly configure spring.jpa.open-in-view to disable this warning
2023-05-19 13:02:12.597  INFO 9008 --- [restartedMain] o.s.s.web.DefaultSecurityFilterChain     : Will secure any request with [org.springframework.security.web.session.DisableEncodeUrlFilter@954be6, org.springframework.security.web.context.request.async.WebAsyncManagerIntegrationFilter@1cde17a5, org.springframework.security.web.context.SecurityContextHolderFilter@3968a0ec, org.springframework.security.web.header.HeaderWriterFilter@418fa50a, org.springframework.security.web.csrf.CsrfFilter@8a1ac95, org.springframework.security.web.authentication.logout.LogoutFilter@fac1735, org.springframework.security.web.authentication.UsernamePasswordAuthenticationFilter@2004c7ff, org.springframework.security.web.savedrequest.RequestCacheAwareFilter@366056ba, org.springframework.security.web.servletapi.SecurityContextHolderAwareRequestFilter@480aee19, org.springframework.security.web.authentication.AnonymousAuthenticationFilter@9c817a8, org.springframework.security.web.access.ExceptionTranslationFilter@49db466d, org.springframework.security.web.access.intercept.AuthorizationFilter@1179f5b8]
2023-05-19 13:02:13.171  INFO 9008 --- [restartedMain] o.s.b.d.a.OptionalLiveReloadServer       : LiveReload server is running on port 35729
2023-05-19 13:02:13.213  INFO 9008 --- [restartedMain] o.s.b.w.embedded.tomcat.TomcatWebServer  : Tomcat started on port(s): 8081 (http) with context path ''
2023-05-19 13:02:13.237  INFO 9008 --- [restartedMain] com.example.sbb.SbbApplication           : Started SbbApplication in 8.312 seconds (process running for 10.302)
2023-05-19 13:02:20.006  INFO 9008 --- [http-nio-8081-exec-1] o.a.c.c.C.[Tomcat].[localhost].[/]       : Initializing Spring DispatcherServlet 'dispatcherServlet'
2023-05-19 13:02:20.007  INFO 9008 --- [http-nio-8081-exec-1] o.s.web.servlet.DispatcherServlet        : Initializing Servlet 'dispatcherServlet'
2023-05-19 13:02:20.009  INFO 9008 --- [http-nio-8081-exec-1] o.s.web.servlet.DispatcherServlet        : Completed initialization in 2 ms
2023-05-19 13:03:19.586  INFO 9008 --- [SpringApplicationShutdownHook] j.LocalContainerEntityManagerFactoryBean : Closing JPA EntityManagerFactory for persistence unit 'default'
2023-05-19 13:03:19.592  INFO 9008 --- [SpringApplicationShutdownHook] com.zaxxer.hikari.HikariDataSource       : HikariPool-1 - Shutdown initiated...
2023-05-19 13:03:19.596  INFO 9008 --- [SpringApplicationShutdownHook] com.zaxxer.hikari.HikariDataSource       : HikariPool-1 - Shutdown completed.
