2023-06-25 22:24:41.140  INFO 8112 --- [restartedMain] com.example.sbb.SbbApplication           : Starting SbbApplication using Java 17.0.6 with PID 8112 (C:\Users\INSEONG\Desktop\국비지원 풀스택\자바 프로젝트\sbb\out\production\classes started by INSEONG in C:\Users\INSEONG\Desktop\국비지원 풀스택\자바 프로젝트\sbb)
2023-06-25 22:24:41.152  INFO 8112 --- [restartedMain] com.example.sbb.SbbApplication           : No active profile set, falling back to 1 default profile: "default"
2023-06-25 22:24:41.500  INFO 8112 --- [restartedMain] .e.DevToolsPropertyDefaultsPostProcessor : Devtools property defaults active! Set 'spring.devtools.add-properties' to 'false' to disable
2023-06-25 22:24:41.500  INFO 8112 --- [restartedMain] .e.DevToolsPropertyDefaultsPostProcessor : For additional web related logging consider setting the 'logging.level.web' property to 'DEBUG'
2023-06-25 22:24:42.553  INFO 8112 --- [restartedMain] .s.d.r.c.RepositoryConfigurationDelegate : Bootstrapping Spring Data JPA repositories in DEFAULT mode.
2023-06-25 22:24:42.651  INFO 8112 --- [restartedMain] .s.d.r.c.RepositoryConfigurationDelegate : Finished Spring Data repository scanning in 84 ms. Found 4 JPA repository interfaces.
2023-06-25 22:24:43.818  INFO 8112 --- [restartedMain] o.s.b.w.embedded.tomcat.TomcatWebServer  : Tomcat initialized with port(s): 8000 (http)
2023-06-25 22:24:43.855  INFO 8112 --- [restartedMain] o.apache.catalina.core.StandardService   : Starting service [Tomcat]
2023-06-25 22:24:43.856  INFO 8112 --- [restartedMain] o.apache.catalina.core.StandardEngine    : Starting Servlet engine: [Apache Tomcat/10.1.8]
2023-06-25 22:24:44.011  INFO 8112 --- [restartedMain] o.a.c.c.C.[Tomcat].[localhost].[/]       : Initializing Spring embedded WebApplicationContext
2023-06-25 22:24:44.014  INFO 8112 --- [restartedMain] w.s.c.ServletWebServerApplicationContext : Root WebApplicationContext: initialization completed in 2511 ms
2023-06-25 22:24:44.321  INFO 8112 --- [restartedMain] o.hibernate.jpa.internal.util.LogHelper  : HHH000204: Processing PersistenceUnitInfo [name: default]
2023-06-25 22:24:44.447  INFO 8112 --- [restartedMain] org.hibernate.Version                    : HHH000412: Hibernate ORM core version 6.1.7.Final
2023-06-25 22:24:45.010  INFO 8112 --- [restartedMain] com.zaxxer.hikari.HikariDataSource       : HikariPool-1 - Starting...
2023-06-25 22:24:45.150  INFO 8112 --- [restartedMain] com.zaxxer.hikari.pool.HikariPool        : HikariPool-1 - Added connection org.mariadb.jdbc.Connection@4a0ecb1
2023-06-25 22:24:45.154  INFO 8112 --- [restartedMain] com.zaxxer.hikari.HikariDataSource       : HikariPool-1 - Start completed.
2023-06-25 22:24:45.253  INFO 8112 --- [restartedMain] SQL dialect                              : HHH000400: Using dialect: org.hibernate.dialect.MariaDBDialect
2023-06-25 22:24:46.901  INFO 8112 --- [restartedMain] o.h.e.t.j.p.i.JtaPlatformInitiator       : HHH000490: Using JtaPlatform implementation: [org.hibernate.engine.transaction.jta.platform.internal.NoJtaPlatform]
2023-06-25 22:24:46.910  INFO 8112 --- [restartedMain] j.LocalContainerEntityManagerFactoryBean : Initialized JPA EntityManagerFactory for persistence unit 'default'
2023-06-25 22:24:47.397  WARN 8112 --- [restartedMain] ocalVariableTableParameterNameDiscoverer : Using deprecated '-debug' fallback for parameter name resolution. Compile the affected code with '-parameters' instead or avoid its introspection: com.example.sbb.question.QuestionRepository
2023-06-25 22:24:48.010  WARN 8112 --- [restartedMain] ocalVariableTableParameterNameDiscoverer : Using deprecated '-debug' fallback for parameter name resolution. Compile the affected code with '-parameters' instead or avoid its introspection: com.example.sbb.user.UserRepository
2023-06-25 22:24:48.244  WARN 8112 --- [restartedMain] JpaBaseConfiguration$JpaWebConfiguration : spring.jpa.open-in-view is enabled by default. Therefore, database queries may be performed during view rendering. Explicitly configure spring.jpa.open-in-view to disable this warning
2023-06-25 22:24:48.526  INFO 8112 --- [restartedMain] o.s.s.web.DefaultSecurityFilterChain     : Will secure any request with [org.springframework.security.web.session.DisableEncodeUrlFilter@4a1004c1, org.springframework.security.web.context.request.async.WebAsyncManagerIntegrationFilter@324444f2, org.springframework.security.web.context.SecurityContextHolderFilter@4b12e8a8, org.springframework.security.web.header.HeaderWriterFilter@37e9ef69, org.springframework.security.web.csrf.CsrfFilter@730ab38, org.springframework.security.web.authentication.logout.LogoutFilter@402f7412, org.springframework.security.web.authentication.UsernamePasswordAuthenticationFilter@694d4a3b, org.springframework.security.web.savedrequest.RequestCacheAwareFilter@1f616b08, org.springframework.security.web.servletapi.SecurityContextHolderAwareRequestFilter@f6368d1, org.springframework.security.web.authentication.AnonymousAuthenticationFilter@522d6e49, org.springframework.security.web.access.ExceptionTranslationFilter@fb72a10, org.springframework.security.web.access.intercept.AuthorizationFilter@37f63a78]
2023-06-25 22:24:49.401  WARN 8112 --- [restartedMain] o.s.b.d.a.OptionalLiveReloadServer       : Unable to start LiveReload server
2023-06-25 22:24:49.477  INFO 8112 --- [restartedMain] o.s.b.w.embedded.tomcat.TomcatWebServer  : Tomcat started on port(s): 8000 (http) with context path ''
2023-06-25 22:24:49.496  INFO 8112 --- [restartedMain] com.example.sbb.SbbApplication           : Started SbbApplication in 8.814 seconds (process running for 9.676)
2023-06-25 22:24:52.230  INFO 8112 --- [http-nio-8000-exec-2] o.a.c.c.C.[Tomcat].[localhost].[/]       : Initializing Spring DispatcherServlet 'dispatcherServlet'
2023-06-25 22:24:52.231  INFO 8112 --- [http-nio-8000-exec-2] o.s.web.servlet.DispatcherServlet        : Initializing Servlet 'dispatcherServlet'
2023-06-25 22:24:52.232  INFO 8112 --- [http-nio-8000-exec-2] o.s.web.servlet.DispatcherServlet        : Completed initialization in 1 ms
2023-06-25 22:29:33.191  WARN 8112 --- [HikariPool-1 housekeeper] com.zaxxer.hikari.pool.HikariPool        : HikariPool-1 - Thread starvation or clock leap detected (housekeeper delta=3m47s911ms352µs600ns).
2023-06-25 22:30:46.627  WARN 8112 --- [HikariPool-1 housekeeper] com.zaxxer.hikari.pool.HikariPool        : HikariPool-1 - Thread starvation or clock leap detected (housekeeper delta=1m13s435ms596µs500ns).
2023-06-25 23:04:07.267  WARN 8112 --- [HikariPool-1 housekeeper] com.zaxxer.hikari.pool.HikariPool        : HikariPool-1 - Thread starvation or clock leap detected (housekeeper delta=33m20s640ms176µs200ns).
2023-06-25 23:04:53.683  WARN 8112 --- [HikariPool-1 housekeeper] com.zaxxer.hikari.pool.HikariPool        : HikariPool-1 - Thread starvation or clock leap detected (housekeeper delta=46s415ms633µs400ns).
2023-06-25 23:06:48.125  WARN 8112 --- [HikariPool-1 housekeeper] com.zaxxer.hikari.pool.HikariPool        : HikariPool-1 - Thread starvation or clock leap detected (housekeeper delta=1m24s274ms168µs600ns).
2023-06-25 23:09:36.364  WARN 8112 --- [HikariPool-1 housekeeper] com.zaxxer.hikari.pool.HikariPool        : HikariPool-1 - Thread starvation or clock leap detected (housekeeper delta=51s505ms908µs600ns).
2023-06-25 23:10:58.262  WARN 8112 --- [HikariPool-1 housekeeper] com.zaxxer.hikari.pool.HikariPool        : HikariPool-1 - Thread starvation or clock leap detected (housekeeper delta=1m21s897ms304µs100ns).
