2023-06-26 09:10:02.410  INFO 18444 --- [restartedMain] com.example.sbb.SbbApplication           : Starting SbbApplication using Java 17.0.6 with PID 18444 (C:\Users\INSEONG\Desktop\국비지원 풀스택\자바 프로젝트\sbb\out\production\classes started by INSEONG in C:\Users\INSEONG\Desktop\국비지원 풀스택\자바 프로젝트\sbb)
2023-06-26 09:10:02.422  INFO 18444 --- [restartedMain] com.example.sbb.SbbApplication           : No active profile set, falling back to 1 default profile: "default"
2023-06-26 09:10:02.811  INFO 18444 --- [restartedMain] .e.DevToolsPropertyDefaultsPostProcessor : Devtools property defaults active! Set 'spring.devtools.add-properties' to 'false' to disable
2023-06-26 09:10:02.811  INFO 18444 --- [restartedMain] .e.DevToolsPropertyDefaultsPostProcessor : For additional web related logging consider setting the 'logging.level.web' property to 'DEBUG'
2023-06-26 09:10:04.201  INFO 18444 --- [restartedMain] .s.d.r.c.RepositoryConfigurationDelegate : Bootstrapping Spring Data JPA repositories in DEFAULT mode.
2023-06-26 09:10:04.320  INFO 18444 --- [restartedMain] .s.d.r.c.RepositoryConfigurationDelegate : Finished Spring Data repository scanning in 105 ms. Found 4 JPA repository interfaces.
2023-06-26 09:10:06.296  INFO 18444 --- [restartedMain] o.s.b.w.embedded.tomcat.TomcatWebServer  : Tomcat initialized with port(s): 8000 (http)
2023-06-26 09:10:06.655  INFO 18444 --- [restartedMain] w.s.c.ServletWebServerApplicationContext : Root WebApplicationContext: initialization completed in 3842 ms
2023-06-26 09:10:07.099  INFO 18444 --- [restartedMain] o.hibernate.jpa.internal.util.LogHelper  : HHH000204: Processing PersistenceUnitInfo [name: default]
2023-06-26 09:10:07.339  INFO 18444 --- [restartedMain] org.hibernate.Version                    : HHH000412: Hibernate ORM core version 6.1.7.Final
2023-06-26 09:10:08.095  INFO 18444 --- [restartedMain] com.zaxxer.hikari.HikariDataSource       : HikariPool-1 - Starting...
2023-06-26 09:10:08.255  INFO 18444 --- [restartedMain] com.zaxxer.hikari.pool.HikariPool        : HikariPool-1 - Added connection org.mariadb.jdbc.Connection@6b40b46f
2023-06-26 09:10:08.259  INFO 18444 --- [restartedMain] com.zaxxer.hikari.HikariDataSource       : HikariPool-1 - Start completed.
2023-06-26 09:10:08.344  INFO 18444 --- [restartedMain] SQL dialect                              : HHH000400: Using dialect: org.hibernate.dialect.MariaDBDialect
2023-06-26 09:10:09.533  INFO 18444 --- [restartedMain] o.h.e.t.j.p.i.JtaPlatformInitiator       : HHH000490: Using JtaPlatform implementation: [org.hibernate.engine.transaction.jta.platform.internal.NoJtaPlatform]
2023-06-26 09:10:09.540  INFO 18444 --- [restartedMain] j.LocalContainerEntityManagerFactoryBean : Initialized JPA EntityManagerFactory for persistence unit 'default'
2023-06-26 09:10:09.927  WARN 18444 --- [restartedMain] ocalVariableTableParameterNameDiscoverer : Using deprecated '-debug' fallback for parameter name resolution. Compile the affected code with '-parameters' instead or avoid its introspection: com.example.sbb.question.QuestionRepository
2023-06-26 09:10:10.531  WARN 18444 --- [restartedMain] ocalVariableTableParameterNameDiscoverer : Using deprecated '-debug' fallback for parameter name resolution. Compile the affected code with '-parameters' instead or avoid its introspection: com.example.sbb.user.UserRepository
2023-06-26 09:10:10.752  WARN 18444 --- [restartedMain] JpaBaseConfiguration$JpaWebConfiguration : spring.jpa.open-in-view is enabled by default. Therefore, database queries may be performed during view rendering. Explicitly configure spring.jpa.open-in-view to disable this warning
2023-06-26 09:10:11.060  INFO 18444 --- [restartedMain] o.s.s.web.DefaultSecurityFilterChain     : Will secure any request with [org.springframework.security.web.session.DisableEncodeUrlFilter@7b9b4dca, org.springframework.security.web.context.request.async.WebAsyncManagerIntegrationFilter@7cac8b24, org.springframework.security.web.context.SecurityContextHolderFilter@1fad4201, org.springframework.security.web.header.HeaderWriterFilter@22102869, org.springframework.security.web.csrf.CsrfFilter@630de303, org.springframework.security.web.authentication.logout.LogoutFilter@78026f7a, org.springframework.security.web.authentication.UsernamePasswordAuthenticationFilter@6880816d, org.springframework.security.web.savedrequest.RequestCacheAwareFilter@20d11fb5, org.springframework.security.web.servletapi.SecurityContextHolderAwareRequestFilter@2cd3e573, org.springframework.security.web.authentication.AnonymousAuthenticationFilter@5fa2db1a, org.springframework.security.web.access.ExceptionTranslationFilter@49111b5e, org.springframework.security.web.access.intercept.AuthorizationFilter@6e19b75d]
2023-06-26 09:10:11.831  INFO 18444 --- [restartedMain] o.s.b.d.a.OptionalLiveReloadServer       : LiveReload server is running on port 35729
2023-06-26 09:10:11.903  INFO 18444 --- [restartedMain] o.s.b.w.embedded.tomcat.TomcatWebServer  : Tomcat started on port(s): 8000 (http) with context path ''
2023-06-26 09:10:11.922  INFO 18444 --- [restartedMain] com.example.sbb.SbbApplication           : Started SbbApplication in 10.429 seconds (process running for 11.428)
2023-06-26 09:10:11.972  INFO 18444 --- [SpringApplicationShutdownHook] j.LocalContainerEntityManagerFactoryBean : Closing JPA EntityManagerFactory for persistence unit 'default'
2023-06-26 09:10:11.979  INFO 18444 --- [SpringApplicationShutdownHook] com.zaxxer.hikari.HikariDataSource       : HikariPool-1 - Shutdown initiated...
2023-06-26 09:10:11.986  INFO 18444 --- [SpringApplicationShutdownHook] com.zaxxer.hikari.HikariDataSource       : HikariPool-1 - Shutdown completed.
