2023-05-25 21:49:37.066  INFO 32932 --- [restartedMain] com.example.sbb.SbbApplication           : Starting SbbApplication using Java 17.0.6 with PID 32932 (C:\Users\INSEONG\Desktop\국비지원 풀스택\자바 프로젝트\sbb\out\production\classes started by INSEONG in C:\Users\INSEONG\Desktop\국비지원 풀스택\자바 프로젝트\sbb)
2023-05-25 21:49:37.072  INFO 32932 --- [restartedMain] com.example.sbb.SbbApplication           : No active profile set, falling back to 1 default profile: "default"
2023-05-25 21:49:37.322  INFO 32932 --- [restartedMain] .e.DevToolsPropertyDefaultsPostProcessor : Devtools property defaults active! Set 'spring.devtools.add-properties' to 'false' to disable
2023-05-25 21:49:37.322  INFO 32932 --- [restartedMain] .e.DevToolsPropertyDefaultsPostProcessor : For additional web related logging consider setting the 'logging.level.web' property to 'DEBUG'
2023-05-25 21:49:38.328  INFO 32932 --- [restartedMain] .s.d.r.c.RepositoryConfigurationDelegate : Bootstrapping Spring Data JPA repositories in DEFAULT mode.
2023-05-25 21:49:38.402  INFO 32932 --- [restartedMain] .s.d.r.c.RepositoryConfigurationDelegate : Finished Spring Data repository scanning in 63 ms. Found 4 JPA repository interfaces.
2023-05-25 21:49:39.423  INFO 32932 --- [restartedMain] o.s.b.w.embedded.tomcat.TomcatWebServer  : Tomcat initialized with port(s): 8000 (http)
2023-05-25 21:49:39.529  INFO 32932 --- [restartedMain] w.s.c.ServletWebServerApplicationContext : Root WebApplicationContext: initialization completed in 2207 ms
2023-05-25 21:49:39.821  INFO 32932 --- [restartedMain] o.hibernate.jpa.internal.util.LogHelper  : HHH000204: Processing PersistenceUnitInfo [name: default]
2023-05-25 21:49:39.941  INFO 32932 --- [restartedMain] org.hibernate.Version                    : HHH000412: Hibernate ORM core version 6.1.7.Final
2023-05-25 21:49:40.276  INFO 32932 --- [restartedMain] com.zaxxer.hikari.HikariDataSource       : HikariPool-1 - Starting...
2023-05-25 21:49:40.323  INFO 32932 --- [restartedMain] com.zaxxer.hikari.pool.HikariPool        : HikariPool-1 - Added connection org.mariadb.jdbc.Connection@725c045f
2023-05-25 21:49:40.325  INFO 32932 --- [restartedMain] com.zaxxer.hikari.HikariDataSource       : HikariPool-1 - Start completed.
2023-05-25 21:49:40.351  INFO 32932 --- [restartedMain] SQL dialect                              : HHH000400: Using dialect: org.hibernate.dialect.MariaDBDialect
2023-05-25 21:49:41.121  INFO 32932 --- [restartedMain] o.h.e.t.j.p.i.JtaPlatformInitiator       : HHH000490: Using JtaPlatform implementation: [org.hibernate.engine.transaction.jta.platform.internal.NoJtaPlatform]
2023-05-25 21:49:41.128  INFO 32932 --- [restartedMain] j.LocalContainerEntityManagerFactoryBean : Initialized JPA EntityManagerFactory for persistence unit 'default'
2023-05-25 21:49:41.444  WARN 32932 --- [restartedMain] ocalVariableTableParameterNameDiscoverer : Using deprecated '-debug' fallback for parameter name resolution. Compile the affected code with '-parameters' instead or avoid its introspection: com.example.sbb.question.QuestionRepository
2023-05-25 21:49:41.836  WARN 32932 --- [restartedMain] ocalVariableTableParameterNameDiscoverer : Using deprecated '-debug' fallback for parameter name resolution. Compile the affected code with '-parameters' instead or avoid its introspection: com.example.sbb.user.UserRepository
2023-05-25 21:49:41.997  WARN 32932 --- [restartedMain] JpaBaseConfiguration$JpaWebConfiguration : spring.jpa.open-in-view is enabled by default. Therefore, database queries may be performed during view rendering. Explicitly configure spring.jpa.open-in-view to disable this warning
2023-05-25 21:49:42.202  INFO 32932 --- [restartedMain] o.s.s.web.DefaultSecurityFilterChain     : Will secure any request with [org.springframework.security.web.session.DisableEncodeUrlFilter@7dcd4fc3, org.springframework.security.web.context.request.async.WebAsyncManagerIntegrationFilter@33dcfa20, org.springframework.security.web.context.SecurityContextHolderFilter@3cc600f8, org.springframework.security.web.header.HeaderWriterFilter@4ec8434b, org.springframework.security.web.csrf.CsrfFilter@6f67ef52, org.springframework.security.web.authentication.logout.LogoutFilter@4773f900, org.springframework.security.web.authentication.UsernamePasswordAuthenticationFilter@7eb60d2f, org.springframework.security.web.savedrequest.RequestCacheAwareFilter@d2b2211, org.springframework.security.web.servletapi.SecurityContextHolderAwareRequestFilter@42711877, org.springframework.security.web.authentication.AnonymousAuthenticationFilter@2b8dd0d8, org.springframework.security.web.access.ExceptionTranslationFilter@31c6695f, org.springframework.security.web.access.intercept.AuthorizationFilter@3db74f84]
2023-05-25 21:49:42.671  INFO 32932 --- [restartedMain] o.s.b.d.a.OptionalLiveReloadServer       : LiveReload server is running on port 35729
2023-05-25 21:49:42.699  INFO 32932 --- [restartedMain] o.s.b.w.embedded.tomcat.TomcatWebServer  : Tomcat started on port(s): 8000 (http) with context path ''
2023-05-25 21:49:42.710  INFO 32932 --- [restartedMain] com.example.sbb.SbbApplication           : Started SbbApplication in 6.154 seconds (process running for 10.134)
2023-05-25 21:49:42.736  INFO 32932 --- [SpringApplicationShutdownHook] j.LocalContainerEntityManagerFactoryBean : Closing JPA EntityManagerFactory for persistence unit 'default'
2023-05-25 21:49:42.741  INFO 32932 --- [SpringApplicationShutdownHook] com.zaxxer.hikari.HikariDataSource       : HikariPool-1 - Shutdown initiated...
2023-05-25 21:49:42.746  INFO 32932 --- [SpringApplicationShutdownHook] com.zaxxer.hikari.HikariDataSource       : HikariPool-1 - Shutdown completed.
