2023-05-27 00:22:42.716  INFO 28340 --- [restartedMain] com.example.sbb.SbbApplication           : Starting SbbApplication using Java 17.0.6 with PID 28340 (C:\Users\INSEONG\Desktop\국비지원 풀스택\자바 프로젝트\sbb\out\production\classes started by INSEONG in C:\Users\INSEONG\Desktop\국비지원 풀스택\자바 프로젝트\sbb)
2023-05-27 00:22:42.722  INFO 28340 --- [restartedMain] com.example.sbb.SbbApplication           : No active profile set, falling back to 1 default profile: "default"
2023-05-27 00:22:42.973  INFO 28340 --- [restartedMain] .e.DevToolsPropertyDefaultsPostProcessor : Devtools property defaults active! Set 'spring.devtools.add-properties' to 'false' to disable
2023-05-27 00:22:42.975  INFO 28340 --- [restartedMain] .e.DevToolsPropertyDefaultsPostProcessor : For additional web related logging consider setting the 'logging.level.web' property to 'DEBUG'
2023-05-27 00:22:43.988  INFO 28340 --- [restartedMain] .s.d.r.c.RepositoryConfigurationDelegate : Bootstrapping Spring Data JPA repositories in DEFAULT mode.
2023-05-27 00:22:44.072  INFO 28340 --- [restartedMain] .s.d.r.c.RepositoryConfigurationDelegate : Finished Spring Data repository scanning in 73 ms. Found 4 JPA repository interfaces.
2023-05-27 00:22:45.218  INFO 28340 --- [restartedMain] o.s.b.w.embedded.tomcat.TomcatWebServer  : Tomcat initialized with port(s): 8000 (http)
2023-05-27 00:22:45.245  INFO 28340 --- [restartedMain] o.apache.catalina.core.StandardService   : Starting service [Tomcat]
2023-05-27 00:22:45.246  INFO 28340 --- [restartedMain] o.apache.catalina.core.StandardEngine    : Starting Servlet engine: [Apache Tomcat/10.1.8]
2023-05-27 00:22:45.369  INFO 28340 --- [restartedMain] o.a.c.c.C.[Tomcat].[localhost].[/]       : Initializing Spring embedded WebApplicationContext
2023-05-27 00:22:45.370  INFO 28340 --- [restartedMain] w.s.c.ServletWebServerApplicationContext : Root WebApplicationContext: initialization completed in 2395 ms
2023-05-27 00:22:45.671  INFO 28340 --- [restartedMain] o.hibernate.jpa.internal.util.LogHelper  : HHH000204: Processing PersistenceUnitInfo [name: default]
2023-05-27 00:22:45.733  INFO 28340 --- [restartedMain] org.hibernate.Version                    : HHH000412: Hibernate ORM core version 6.1.7.Final
2023-05-27 00:22:46.015  INFO 28340 --- [restartedMain] com.zaxxer.hikari.HikariDataSource       : HikariPool-1 - Starting...
2023-05-27 00:22:46.071  INFO 28340 --- [restartedMain] com.zaxxer.hikari.pool.HikariPool        : HikariPool-1 - Added connection org.mariadb.jdbc.Connection@4d2bad0
2023-05-27 00:22:46.073  INFO 28340 --- [restartedMain] com.zaxxer.hikari.HikariDataSource       : HikariPool-1 - Start completed.
2023-05-27 00:22:46.102  INFO 28340 --- [restartedMain] SQL dialect                              : HHH000400: Using dialect: org.hibernate.dialect.MariaDBDialect
2023-05-27 00:22:46.908  INFO 28340 --- [restartedMain] o.h.e.t.j.p.i.JtaPlatformInitiator       : HHH000490: Using JtaPlatform implementation: [org.hibernate.engine.transaction.jta.platform.internal.NoJtaPlatform]
2023-05-27 00:22:46.915  INFO 28340 --- [restartedMain] j.LocalContainerEntityManagerFactoryBean : Initialized JPA EntityManagerFactory for persistence unit 'default'
2023-05-27 00:22:47.210  WARN 28340 --- [restartedMain] ocalVariableTableParameterNameDiscoverer : Using deprecated '-debug' fallback for parameter name resolution. Compile the affected code with '-parameters' instead or avoid its introspection: com.example.sbb.question.QuestionRepository
2023-05-27 00:22:47.622  WARN 28340 --- [restartedMain] ocalVariableTableParameterNameDiscoverer : Using deprecated '-debug' fallback for parameter name resolution. Compile the affected code with '-parameters' instead or avoid its introspection: com.example.sbb.user.UserRepository
2023-05-27 00:22:47.852  WARN 28340 --- [restartedMain] JpaBaseConfiguration$JpaWebConfiguration : spring.jpa.open-in-view is enabled by default. Therefore, database queries may be performed during view rendering. Explicitly configure spring.jpa.open-in-view to disable this warning
2023-05-27 00:22:48.091  INFO 28340 --- [restartedMain] o.s.s.web.DefaultSecurityFilterChain     : Will secure any request with [org.springframework.security.web.session.DisableEncodeUrlFilter@7d0d92dd, org.springframework.security.web.context.request.async.WebAsyncManagerIntegrationFilter@ebcf43c, org.springframework.security.web.context.SecurityContextHolderFilter@29f16d8, org.springframework.security.web.header.HeaderWriterFilter@77fe5c79, org.springframework.security.web.csrf.CsrfFilter@6ed738b6, org.springframework.security.web.authentication.logout.LogoutFilter@27615291, org.springframework.security.web.authentication.UsernamePasswordAuthenticationFilter@3c59e37b, org.springframework.security.web.savedrequest.RequestCacheAwareFilter@1ee04704, org.springframework.security.web.servletapi.SecurityContextHolderAwareRequestFilter@796dbd40, org.springframework.security.web.authentication.AnonymousAuthenticationFilter@4c861d67, org.springframework.security.web.access.ExceptionTranslationFilter@5b8d688e, org.springframework.security.web.access.intercept.AuthorizationFilter@1d1453e8]
2023-05-27 00:22:48.879  INFO 28340 --- [restartedMain] o.s.b.d.a.OptionalLiveReloadServer       : LiveReload server is running on port 35729
2023-05-27 00:22:48.928  INFO 28340 --- [restartedMain] o.s.b.w.embedded.tomcat.TomcatWebServer  : Tomcat started on port(s): 8000 (http) with context path ''
2023-05-27 00:22:48.943  INFO 28340 --- [restartedMain] com.example.sbb.SbbApplication           : Started SbbApplication in 6.726 seconds (process running for 7.452)
2023-05-27 00:22:49.050  INFO 28340 --- [http-nio-8000-exec-2] o.a.c.c.C.[Tomcat].[localhost].[/]       : Initializing Spring DispatcherServlet 'dispatcherServlet'
2023-05-27 00:22:49.050  INFO 28340 --- [http-nio-8000-exec-2] o.s.web.servlet.DispatcherServlet        : Initializing Servlet 'dispatcherServlet'
2023-05-27 00:22:49.051  INFO 28340 --- [http-nio-8000-exec-2] o.s.web.servlet.DispatcherServlet        : Completed initialization in 1 ms
2023-05-27 00:23:06.871  WARN 28340 --- [http-nio-8000-exec-3] .w.s.m.a.ResponseStatusExceptionResolver : Resolved [com.example.sbb.DataNotFoundException: question not found]
2023-05-27 00:23:18.791  WARN 28340 --- [http-nio-8000-exec-2] .w.s.m.a.ResponseStatusExceptionResolver : Resolved [com.example.sbb.DataNotFoundException: question not found]
2023-05-27 00:59:43.217  INFO 28340 --- [SpringApplicationShutdownHook] j.LocalContainerEntityManagerFactoryBean : Closing JPA EntityManagerFactory for persistence unit 'default'
2023-05-27 00:59:43.221  INFO 28340 --- [SpringApplicationShutdownHook] com.zaxxer.hikari.HikariDataSource       : HikariPool-1 - Shutdown initiated...
2023-05-27 00:59:43.223  INFO 28340 --- [SpringApplicationShutdownHook] com.zaxxer.hikari.HikariDataSource       : HikariPool-1 - Shutdown completed.
