2023-06-22 00:02:20.016  INFO 23480 --- [SpringApplicationShutdownHook] j.LocalContainerEntityManagerFactoryBean : Closing JPA EntityManagerFactory for persistence unit 'default'
2023-06-22 00:02:20.025  INFO 23480 --- [SpringApplicationShutdownHook] com.zaxxer.hikari.HikariDataSource       : HikariPool-1 - Shutdown initiated...
2023-06-22 00:02:20.034  INFO 23480 --- [SpringApplicationShutdownHook] com.zaxxer.hikari.HikariDataSource       : HikariPool-1 - Shutdown completed.
2023-06-22 10:15:50.889  INFO 17684 --- [restartedMain] com.example.sbb.SbbApplication           : Starting SbbApplication using Java 17.0.6 with PID 17684 (C:\Users\INSEONG\Desktop\국비지원 풀스택\자바 프로젝트\sbb\out\production\classes started by INSEONG in C:\Users\INSEONG\Desktop\국비지원 풀스택\자바 프로젝트\sbb)
2023-06-22 10:15:50.893  INFO 17684 --- [restartedMain] com.example.sbb.SbbApplication           : No active profile set, falling back to 1 default profile: "default"
2023-06-22 10:15:51.258  INFO 17684 --- [restartedMain] .e.DevToolsPropertyDefaultsPostProcessor : Devtools property defaults active! Set 'spring.devtools.add-properties' to 'false' to disable
2023-06-22 10:15:51.260  INFO 17684 --- [restartedMain] .e.DevToolsPropertyDefaultsPostProcessor : For additional web related logging consider setting the 'logging.level.web' property to 'DEBUG'
2023-06-22 10:15:52.479  INFO 17684 --- [restartedMain] .s.d.r.c.RepositoryConfigurationDelegate : Bootstrapping Spring Data JPA repositories in DEFAULT mode.
2023-06-22 10:15:52.606  INFO 17684 --- [restartedMain] .s.d.r.c.RepositoryConfigurationDelegate : Finished Spring Data repository scanning in 106 ms. Found 4 JPA repository interfaces.
2023-06-22 10:15:53.989  INFO 17684 --- [restartedMain] o.s.b.w.embedded.tomcat.TomcatWebServer  : Tomcat initialized with port(s): 8000 (http)
2023-06-22 10:15:54.014  INFO 17684 --- [restartedMain] o.apache.catalina.core.StandardService   : Starting service [Tomcat]
2023-06-22 10:15:54.014  INFO 17684 --- [restartedMain] o.apache.catalina.core.StandardEngine    : Starting Servlet engine: [Apache Tomcat/10.1.8]
2023-06-22 10:15:54.141  INFO 17684 --- [restartedMain] o.a.c.c.C.[Tomcat].[localhost].[/]       : Initializing Spring embedded WebApplicationContext
2023-06-22 10:15:54.143  INFO 17684 --- [restartedMain] w.s.c.ServletWebServerApplicationContext : Root WebApplicationContext: initialization completed in 2881 ms
2023-06-22 10:15:54.529  INFO 17684 --- [restartedMain] o.hibernate.jpa.internal.util.LogHelper  : HHH000204: Processing PersistenceUnitInfo [name: default]
2023-06-22 10:15:54.596  INFO 17684 --- [restartedMain] org.hibernate.Version                    : HHH000412: Hibernate ORM core version 6.1.7.Final
2023-06-22 10:15:54.969  INFO 17684 --- [restartedMain] com.zaxxer.hikari.HikariDataSource       : HikariPool-1 - Starting...
2023-06-22 10:15:55.078  INFO 17684 --- [restartedMain] com.zaxxer.hikari.pool.HikariPool        : HikariPool-1 - Added connection org.mariadb.jdbc.Connection@634c2358
2023-06-22 10:15:55.081  INFO 17684 --- [restartedMain] com.zaxxer.hikari.HikariDataSource       : HikariPool-1 - Start completed.
2023-06-22 10:15:55.131  INFO 17684 --- [restartedMain] SQL dialect                              : HHH000400: Using dialect: org.hibernate.dialect.MariaDBDialect
2023-06-22 10:15:56.854  INFO 17684 --- [restartedMain] o.h.e.t.j.p.i.JtaPlatformInitiator       : HHH000490: Using JtaPlatform implementation: [org.hibernate.engine.transaction.jta.platform.internal.NoJtaPlatform]
2023-06-22 10:15:56.875  INFO 17684 --- [restartedMain] j.LocalContainerEntityManagerFactoryBean : Initialized JPA EntityManagerFactory for persistence unit 'default'
2023-06-22 10:15:57.327  WARN 17684 --- [restartedMain] ocalVariableTableParameterNameDiscoverer : Using deprecated '-debug' fallback for parameter name resolution. Compile the affected code with '-parameters' instead or avoid its introspection: com.example.sbb.question.QuestionRepository
2023-06-22 10:16:00.561  WARN 17684 --- [restartedMain] ocalVariableTableParameterNameDiscoverer : Using deprecated '-debug' fallback for parameter name resolution. Compile the affected code with '-parameters' instead or avoid its introspection: com.example.sbb.user.UserRepository
2023-06-22 10:16:02.750  WARN 17684 --- [restartedMain] JpaBaseConfiguration$JpaWebConfiguration : spring.jpa.open-in-view is enabled by default. Therefore, database queries may be performed during view rendering. Explicitly configure spring.jpa.open-in-view to disable this warning
2023-06-22 10:16:04.330  INFO 17684 --- [restartedMain] o.s.s.web.DefaultSecurityFilterChain     : Will secure any request with [org.springframework.security.web.session.DisableEncodeUrlFilter@60068285, org.springframework.security.web.context.request.async.WebAsyncManagerIntegrationFilter@684aa42f, org.springframework.security.web.context.SecurityContextHolderFilter@4b6c6b35, org.springframework.security.web.header.HeaderWriterFilter@5355f388, org.springframework.security.web.csrf.CsrfFilter@1ba260b3, org.springframework.security.web.authentication.logout.LogoutFilter@4bf3eb3, org.springframework.security.web.authentication.UsernamePasswordAuthenticationFilter@3a365e54, org.springframework.security.web.savedrequest.RequestCacheAwareFilter@7923bd52, org.springframework.security.web.servletapi.SecurityContextHolderAwareRequestFilter@1503ec78, org.springframework.security.web.authentication.AnonymousAuthenticationFilter@63277a77, org.springframework.security.web.access.ExceptionTranslationFilter@2ff72ee6, org.springframework.security.web.access.intercept.AuthorizationFilter@4a69e721]
2023-06-22 10:16:06.037  WARN 17684 --- [restartedMain] o.s.b.d.a.OptionalLiveReloadServer       : Unable to start LiveReload server
2023-06-22 10:16:06.128  INFO 17684 --- [restartedMain] o.s.b.w.embedded.tomcat.TomcatWebServer  : Tomcat started on port(s): 8000 (http) with context path ''
2023-06-22 10:16:06.169  INFO 17684 --- [restartedMain] com.example.sbb.SbbApplication           : Started SbbApplication in 15.877 seconds (process running for 16.569)
2023-06-22 10:16:09.746  INFO 17684 --- [http-nio-8000-exec-1] o.a.c.c.C.[Tomcat].[localhost].[/]       : Initializing Spring DispatcherServlet 'dispatcherServlet'
2023-06-22 10:16:09.748  INFO 17684 --- [http-nio-8000-exec-1] o.s.web.servlet.DispatcherServlet        : Initializing Servlet 'dispatcherServlet'
2023-06-22 10:16:09.750  INFO 17684 --- [http-nio-8000-exec-1] o.s.web.servlet.DispatcherServlet        : Completed initialization in 2 ms
2023-06-22 10:16:16.348  WARN 17684 --- [http-nio-8000-exec-7] o.a.c.util.SessionIdGeneratorBase        : Creation of SecureRandom instance for session ID generation using [SHA1PRNG] took [412] milliseconds.
2023-06-22 11:06:44.788  WARN 17684 --- [HikariPool-1 housekeeper] com.zaxxer.hikari.pool.HikariPool        : HikariPool-1 - Thread starvation or clock leap detected (housekeeper delta=8m18s796ms173µs200ns).
2023-06-22 12:34:08.994  INFO 17684 --- [SpringApplicationShutdownHook] j.LocalContainerEntityManagerFactoryBean : Closing JPA EntityManagerFactory for persistence unit 'default'
2023-06-22 12:34:09.002  INFO 17684 --- [SpringApplicationShutdownHook] com.zaxxer.hikari.HikariDataSource       : HikariPool-1 - Shutdown initiated...
2023-06-22 12:34:09.006  INFO 17684 --- [SpringApplicationShutdownHook] com.zaxxer.hikari.HikariDataSource       : HikariPool-1 - Shutdown completed.
2023-06-22 12:34:11.673  INFO 24116 --- [restartedMain] com.example.sbb.SbbApplication           : Starting SbbApplication using Java 17.0.6 with PID 24116 (C:\Users\INSEONG\Desktop\국비지원 풀스택\자바 프로젝트\sbb\out\production\classes started by INSEONG in C:\Users\INSEONG\Desktop\국비지원 풀스택\자바 프로젝트\sbb)
2023-06-22 12:34:11.675  INFO 24116 --- [restartedMain] com.example.sbb.SbbApplication           : No active profile set, falling back to 1 default profile: "default"
2023-06-22 12:34:11.915  INFO 24116 --- [restartedMain] .e.DevToolsPropertyDefaultsPostProcessor : Devtools property defaults active! Set 'spring.devtools.add-properties' to 'false' to disable
2023-06-22 12:34:11.916  INFO 24116 --- [restartedMain] .e.DevToolsPropertyDefaultsPostProcessor : For additional web related logging consider setting the 'logging.level.web' property to 'DEBUG'
2023-06-22 12:34:12.674  INFO 24116 --- [restartedMain] .s.d.r.c.RepositoryConfigurationDelegate : Bootstrapping Spring Data JPA repositories in DEFAULT mode.
2023-06-22 12:34:12.745  INFO 24116 --- [restartedMain] .s.d.r.c.RepositoryConfigurationDelegate : Finished Spring Data repository scanning in 60 ms. Found 4 JPA repository interfaces.
2023-06-22 12:34:13.836  INFO 24116 --- [restartedMain] o.s.b.w.embedded.tomcat.TomcatWebServer  : Tomcat initialized with port(s): 8000 (http)
2023-06-22 12:34:13.855  INFO 24116 --- [restartedMain] o.apache.catalina.core.StandardService   : Starting service [Tomcat]
2023-06-22 12:34:13.855  INFO 24116 --- [restartedMain] o.apache.catalina.core.StandardEngine    : Starting Servlet engine: [Apache Tomcat/10.1.8]
2023-06-22 12:34:13.985  INFO 24116 --- [restartedMain] o.a.c.c.C.[Tomcat].[localhost].[/]       : Initializing Spring embedded WebApplicationContext
2023-06-22 12:34:13.986  INFO 24116 --- [restartedMain] w.s.c.ServletWebServerApplicationContext : Root WebApplicationContext: initialization completed in 2068 ms
2023-06-22 12:34:14.279  INFO 24116 --- [restartedMain] o.hibernate.jpa.internal.util.LogHelper  : HHH000204: Processing PersistenceUnitInfo [name: default]
2023-06-22 12:34:14.399  INFO 24116 --- [restartedMain] org.hibernate.Version                    : HHH000412: Hibernate ORM core version 6.1.7.Final
2023-06-22 12:34:14.833  INFO 24116 --- [restartedMain] com.zaxxer.hikari.HikariDataSource       : HikariPool-1 - Starting...
2023-06-22 12:34:14.908  INFO 24116 --- [restartedMain] com.zaxxer.hikari.pool.HikariPool        : HikariPool-1 - Added connection org.mariadb.jdbc.Connection@4c6fa3f6
2023-06-22 12:34:14.910  INFO 24116 --- [restartedMain] com.zaxxer.hikari.HikariDataSource       : HikariPool-1 - Start completed.
2023-06-22 12:34:14.937  INFO 24116 --- [restartedMain] SQL dialect                              : HHH000400: Using dialect: org.hibernate.dialect.MariaDBDialect
2023-06-22 12:34:15.734  INFO 24116 --- [restartedMain] o.h.e.t.j.p.i.JtaPlatformInitiator       : HHH000490: Using JtaPlatform implementation: [org.hibernate.engine.transaction.jta.platform.internal.NoJtaPlatform]
2023-06-22 12:34:15.740  INFO 24116 --- [restartedMain] j.LocalContainerEntityManagerFactoryBean : Initialized JPA EntityManagerFactory for persistence unit 'default'
2023-06-22 12:34:16.140  WARN 24116 --- [restartedMain] ocalVariableTableParameterNameDiscoverer : Using deprecated '-debug' fallback for parameter name resolution. Compile the affected code with '-parameters' instead or avoid its introspection: com.example.sbb.question.QuestionRepository
2023-06-22 12:34:16.531  WARN 24116 --- [restartedMain] ocalVariableTableParameterNameDiscoverer : Using deprecated '-debug' fallback for parameter name resolution. Compile the affected code with '-parameters' instead or avoid its introspection: com.example.sbb.user.UserRepository
2023-06-22 12:34:16.737  WARN 24116 --- [restartedMain] JpaBaseConfiguration$JpaWebConfiguration : spring.jpa.open-in-view is enabled by default. Therefore, database queries may be performed during view rendering. Explicitly configure spring.jpa.open-in-view to disable this warning
2023-06-22 12:34:16.995  INFO 24116 --- [restartedMain] o.s.s.web.DefaultSecurityFilterChain     : Will secure any request with [org.springframework.security.web.session.DisableEncodeUrlFilter@3cb9ebc6, org.springframework.security.web.context.request.async.WebAsyncManagerIntegrationFilter@4e106c3b, org.springframework.security.web.context.SecurityContextHolderFilter@4d2e1510, org.springframework.security.web.header.HeaderWriterFilter@d4e0f72, org.springframework.security.web.csrf.CsrfFilter@683cdf97, org.springframework.security.web.authentication.logout.LogoutFilter@5f95f2fa, org.springframework.security.web.authentication.UsernamePasswordAuthenticationFilter@35f20eae, org.springframework.security.web.savedrequest.RequestCacheAwareFilter@7b49ae4a, org.springframework.security.web.servletapi.SecurityContextHolderAwareRequestFilter@f598c6f, org.springframework.security.web.authentication.AnonymousAuthenticationFilter@3918e803, org.springframework.security.web.access.ExceptionTranslationFilter@1d3f604f, org.springframework.security.web.access.intercept.AuthorizationFilter@70f3569f]
2023-06-22 12:34:17.729  WARN 24116 --- [restartedMain] o.s.b.d.a.OptionalLiveReloadServer       : Unable to start LiveReload server
2023-06-22 12:34:17.783  INFO 24116 --- [restartedMain] o.s.b.w.embedded.tomcat.TomcatWebServer  : Tomcat started on port(s): 8000 (http) with context path ''
2023-06-22 12:34:17.800  INFO 24116 --- [restartedMain] com.example.sbb.SbbApplication           : Started SbbApplication in 6.507 seconds (process running for 7.45)
2023-06-22 12:34:20.902  INFO 24116 --- [http-nio-8000-exec-1] o.a.c.c.C.[Tomcat].[localhost].[/]       : Initializing Spring DispatcherServlet 'dispatcherServlet'
2023-06-22 12:34:20.903  INFO 24116 --- [http-nio-8000-exec-1] o.s.web.servlet.DispatcherServlet        : Initializing Servlet 'dispatcherServlet'
2023-06-22 12:34:20.904  INFO 24116 --- [http-nio-8000-exec-1] o.s.web.servlet.DispatcherServlet        : Completed initialization in 1 ms
2023-06-22 12:45:14.485  INFO 24116 --- [File Watcher] rtingClassPathChangeChangedEventListener : Restarting due to 1 class path change (0 additions, 0 deletions, 1 modification)
2023-06-22 12:45:14.499  INFO 24116 --- [Thread-1] o.apache.catalina.core.StandardService   : Stopping service [Tomcat]
2023-06-22 12:45:14.500  INFO 24116 --- [Thread-1] o.a.c.c.C.[Tomcat].[localhost].[/]       : Destroying Spring FrameworkServlet 'dispatcherServlet'
2023-06-22 12:45:14.505  INFO 24116 --- [Thread-1] j.LocalContainerEntityManagerFactoryBean : Closing JPA EntityManagerFactory for persistence unit 'default'
2023-06-22 12:45:14.508  INFO 24116 --- [Thread-1] com.zaxxer.hikari.HikariDataSource       : HikariPool-1 - Shutdown initiated...
2023-06-22 12:45:14.512  INFO 24116 --- [Thread-1] com.zaxxer.hikari.HikariDataSource       : HikariPool-1 - Shutdown completed.
2023-06-22 12:45:14.569  INFO 24116 --- [restartedMain] com.example.sbb.SbbApplication           : Starting SbbApplication using Java 17.0.6 with PID 24116 (C:\Users\INSEONG\Desktop\국비지원 풀스택\자바 프로젝트\sbb\out\production\classes started by INSEONG in C:\Users\INSEONG\Desktop\국비지원 풀스택\자바 프로젝트\sbb)
2023-06-22 12:45:14.569  INFO 24116 --- [restartedMain] com.example.sbb.SbbApplication           : No active profile set, falling back to 1 default profile: "default"
2023-06-22 12:45:14.767  INFO 24116 --- [restartedMain] .s.d.r.c.RepositoryConfigurationDelegate : Bootstrapping Spring Data JPA repositories in DEFAULT mode.
2023-06-22 12:45:14.790  INFO 24116 --- [restartedMain] .s.d.r.c.RepositoryConfigurationDelegate : Finished Spring Data repository scanning in 22 ms. Found 4 JPA repository interfaces.
2023-06-22 12:45:14.927  INFO 24116 --- [restartedMain] o.s.b.w.embedded.tomcat.TomcatWebServer  : Tomcat initialized with port(s): 8000 (http)
2023-06-22 12:45:14.928  INFO 24116 --- [restartedMain] o.apache.catalina.core.StandardService   : Starting service [Tomcat]
2023-06-22 12:45:14.928  INFO 24116 --- [restartedMain] o.apache.catalina.core.StandardEngine    : Starting Servlet engine: [Apache Tomcat/10.1.8]
2023-06-22 12:45:14.965  INFO 24116 --- [restartedMain] o.a.c.c.C.[Tomcat].[localhost].[/]       : Initializing Spring embedded WebApplicationContext
2023-06-22 12:45:14.965  INFO 24116 --- [restartedMain] w.s.c.ServletWebServerApplicationContext : Root WebApplicationContext: initialization completed in 393 ms
2023-06-22 12:45:15.015  INFO 24116 --- [restartedMain] o.hibernate.jpa.internal.util.LogHelper  : HHH000204: Processing PersistenceUnitInfo [name: default]
2023-06-22 12:45:15.023  INFO 24116 --- [restartedMain] com.zaxxer.hikari.HikariDataSource       : HikariPool-2 - Starting...
2023-06-22 12:45:15.030  INFO 24116 --- [restartedMain] com.zaxxer.hikari.pool.HikariPool        : HikariPool-2 - Added connection org.mariadb.jdbc.Connection@240e3942
2023-06-22 12:45:15.030  INFO 24116 --- [restartedMain] com.zaxxer.hikari.HikariDataSource       : HikariPool-2 - Start completed.
2023-06-22 12:45:15.031  INFO 24116 --- [restartedMain] SQL dialect                              : HHH000400: Using dialect: org.hibernate.dialect.MariaDBDialect
2023-06-22 12:45:15.157  INFO 24116 --- [restartedMain] o.h.e.t.j.p.i.JtaPlatformInitiator       : HHH000490: Using JtaPlatform implementation: [org.hibernate.engine.transaction.jta.platform.internal.NoJtaPlatform]
2023-06-22 12:45:15.158  INFO 24116 --- [restartedMain] j.LocalContainerEntityManagerFactoryBean : Initialized JPA EntityManagerFactory for persistence unit 'default'
2023-06-22 12:45:15.239  WARN 24116 --- [restartedMain] ocalVariableTableParameterNameDiscoverer : Using deprecated '-debug' fallback for parameter name resolution. Compile the affected code with '-parameters' instead or avoid its introspection: com.example.sbb.question.QuestionRepository
2023-06-22 12:45:15.259  WARN 24116 --- [restartedMain] ocalVariableTableParameterNameDiscoverer : Using deprecated '-debug' fallback for parameter name resolution. Compile the affected code with '-parameters' instead or avoid its introspection: com.example.sbb.user.UserRepository
2023-06-22 12:45:15.339  WARN 24116 --- [restartedMain] JpaBaseConfiguration$JpaWebConfiguration : spring.jpa.open-in-view is enabled by default. Therefore, database queries may be performed during view rendering. Explicitly configure spring.jpa.open-in-view to disable this warning
2023-06-22 12:45:15.357  INFO 24116 --- [restartedMain] o.s.s.web.DefaultSecurityFilterChain     : Will secure any request with [org.springframework.security.web.session.DisableEncodeUrlFilter@4d0429e9, org.springframework.security.web.context.request.async.WebAsyncManagerIntegrationFilter@639f5c4c, org.springframework.security.web.context.SecurityContextHolderFilter@6afefc5b, org.springframework.security.web.header.HeaderWriterFilter@6af89f82, org.springframework.security.web.csrf.CsrfFilter@e2704a5, org.springframework.security.web.authentication.logout.LogoutFilter@79c7b7de, org.springframework.security.web.authentication.UsernamePasswordAuthenticationFilter@9391657, org.springframework.security.web.savedrequest.RequestCacheAwareFilter@5ccacf8d, org.springframework.security.web.servletapi.SecurityContextHolderAwareRequestFilter@4a6c1179, org.springframework.security.web.authentication.AnonymousAuthenticationFilter@e8cbf3d, org.springframework.security.web.access.ExceptionTranslationFilter@5318b518, org.springframework.security.web.access.intercept.AuthorizationFilter@59b68913]
2023-06-22 12:45:15.487  WARN 24116 --- [restartedMain] o.s.b.d.a.OptionalLiveReloadServer       : Unable to start LiveReload server
2023-06-22 12:45:15.496  INFO 24116 --- [restartedMain] o.s.b.w.embedded.tomcat.TomcatWebServer  : Tomcat started on port(s): 8000 (http) with context path ''
2023-06-22 12:45:15.499  INFO 24116 --- [restartedMain] com.example.sbb.SbbApplication           : Started SbbApplication in 0.949 seconds (process running for 665.148)
2023-06-22 12:45:15.503  INFO 24116 --- [restartedMain] .ConditionEvaluationDeltaLoggingListener : Condition evaluation unchanged
2023-06-22 13:33:17.218  WARN 24116 --- [HikariPool-2 housekeeper] com.zaxxer.hikari.pool.HikariPool        : HikariPool-2 - Thread starvation or clock leap detected (housekeeper delta=2m1s261ms693µs300ns).
2023-06-22 13:50:47.342  INFO 24116 --- [SpringApplicationShutdownHook] j.LocalContainerEntityManagerFactoryBean : Closing JPA EntityManagerFactory for persistence unit 'default'
2023-06-22 13:50:47.351  INFO 24116 --- [SpringApplicationShutdownHook] com.zaxxer.hikari.HikariDataSource       : HikariPool-2 - Shutdown initiated...
2023-06-22 13:50:47.355  INFO 24116 --- [SpringApplicationShutdownHook] com.zaxxer.hikari.HikariDataSource       : HikariPool-2 - Shutdown completed.
2023-06-22 16:31:20.256  INFO 4036 --- [restartedMain] com.example.sbb.SbbApplication           : Starting SbbApplication using Java 17.0.6 with PID 4036 (C:\Users\INSEONG\Desktop\국비지원 풀스택\자바 프로젝트\sbb\out\production\classes started by INSEONG in C:\Users\INSEONG\Desktop\국비지원 풀스택\자바 프로젝트\sbb)
2023-06-22 16:31:20.258  INFO 4036 --- [restartedMain] com.example.sbb.SbbApplication           : No active profile set, falling back to 1 default profile: "default"
2023-06-22 16:31:20.501  INFO 4036 --- [restartedMain] .e.DevToolsPropertyDefaultsPostProcessor : Devtools property defaults active! Set 'spring.devtools.add-properties' to 'false' to disable
2023-06-22 16:31:20.501  INFO 4036 --- [restartedMain] .e.DevToolsPropertyDefaultsPostProcessor : For additional web related logging consider setting the 'logging.level.web' property to 'DEBUG'
2023-06-22 16:31:21.263  INFO 4036 --- [restartedMain] .s.d.r.c.RepositoryConfigurationDelegate : Bootstrapping Spring Data JPA repositories in DEFAULT mode.
2023-06-22 16:31:21.323  INFO 4036 --- [restartedMain] .s.d.r.c.RepositoryConfigurationDelegate : Finished Spring Data repository scanning in 50 ms. Found 4 JPA repository interfaces.
2023-06-22 16:31:22.290  INFO 4036 --- [restartedMain] o.s.b.w.embedded.tomcat.TomcatWebServer  : Tomcat initialized with port(s): 8000 (http)
2023-06-22 16:31:22.313  INFO 4036 --- [restartedMain] o.apache.catalina.core.StandardService   : Starting service [Tomcat]
2023-06-22 16:31:22.314  INFO 4036 --- [restartedMain] o.apache.catalina.core.StandardEngine    : Starting Servlet engine: [Apache Tomcat/10.1.8]
2023-06-22 16:31:22.432  INFO 4036 --- [restartedMain] o.a.c.c.C.[Tomcat].[localhost].[/]       : Initializing Spring embedded WebApplicationContext
2023-06-22 16:31:22.432  INFO 4036 --- [restartedMain] w.s.c.ServletWebServerApplicationContext : Root WebApplicationContext: initialization completed in 1930 ms
2023-06-22 16:31:22.762  INFO 4036 --- [restartedMain] o.hibernate.jpa.internal.util.LogHelper  : HHH000204: Processing PersistenceUnitInfo [name: default]
2023-06-22 16:31:22.869  INFO 4036 --- [restartedMain] org.hibernate.Version                    : HHH000412: Hibernate ORM core version 6.1.7.Final
2023-06-22 16:31:23.311  INFO 4036 --- [restartedMain] com.zaxxer.hikari.HikariDataSource       : HikariPool-1 - Starting...
2023-06-22 16:31:23.375  INFO 4036 --- [restartedMain] com.zaxxer.hikari.pool.HikariPool        : HikariPool-1 - Added connection org.mariadb.jdbc.Connection@1d61fce5
2023-06-22 16:31:23.377  INFO 4036 --- [restartedMain] com.zaxxer.hikari.HikariDataSource       : HikariPool-1 - Start completed.
2023-06-22 16:31:23.407  INFO 4036 --- [restartedMain] SQL dialect                              : HHH000400: Using dialect: org.hibernate.dialect.MariaDBDialect
2023-06-22 16:31:24.288  INFO 4036 --- [restartedMain] o.h.e.t.j.p.i.JtaPlatformInitiator       : HHH000490: Using JtaPlatform implementation: [org.hibernate.engine.transaction.jta.platform.internal.NoJtaPlatform]
2023-06-22 16:31:24.297  INFO 4036 --- [restartedMain] j.LocalContainerEntityManagerFactoryBean : Initialized JPA EntityManagerFactory for persistence unit 'default'
2023-06-22 16:31:24.615  WARN 4036 --- [restartedMain] ocalVariableTableParameterNameDiscoverer : Using deprecated '-debug' fallback for parameter name resolution. Compile the affected code with '-parameters' instead or avoid its introspection: com.example.sbb.question.QuestionRepository
2023-06-22 16:31:25.064  WARN 4036 --- [restartedMain] ocalVariableTableParameterNameDiscoverer : Using deprecated '-debug' fallback for parameter name resolution. Compile the affected code with '-parameters' instead or avoid its introspection: com.example.sbb.user.UserRepository
2023-06-22 16:31:25.292  WARN 4036 --- [restartedMain] JpaBaseConfiguration$JpaWebConfiguration : spring.jpa.open-in-view is enabled by default. Therefore, database queries may be performed during view rendering. Explicitly configure spring.jpa.open-in-view to disable this warning
2023-06-22 16:31:25.512  INFO 4036 --- [restartedMain] o.s.s.web.DefaultSecurityFilterChain     : Will secure any request with [org.springframework.security.web.session.DisableEncodeUrlFilter@721d5348, org.springframework.security.web.context.request.async.WebAsyncManagerIntegrationFilter@5b3bfc15, org.springframework.security.web.context.SecurityContextHolderFilter@2ade043c, org.springframework.security.web.header.HeaderWriterFilter@d9f8720, org.springframework.security.web.csrf.CsrfFilter@59aea050, org.springframework.security.web.authentication.logout.LogoutFilter@1589bea7, org.springframework.security.web.authentication.UsernamePasswordAuthenticationFilter@4b7c8f93, org.springframework.security.web.savedrequest.RequestCacheAwareFilter@271d0f08, org.springframework.security.web.servletapi.SecurityContextHolderAwareRequestFilter@25013adf, org.springframework.security.web.authentication.AnonymousAuthenticationFilter@2f93c73, org.springframework.security.web.access.ExceptionTranslationFilter@7bd9b0df, org.springframework.security.web.access.intercept.AuthorizationFilter@78227d5b]
2023-06-22 16:31:26.046  INFO 4036 --- [restartedMain] o.s.b.d.a.OptionalLiveReloadServer       : LiveReload server is running on port 35729
2023-06-22 16:31:26.081  INFO 4036 --- [restartedMain] o.s.b.w.embedded.tomcat.TomcatWebServer  : Tomcat started on port(s): 8000 (http) with context path ''
2023-06-22 16:31:26.092  INFO 4036 --- [restartedMain] com.example.sbb.SbbApplication           : Started SbbApplication in 6.252 seconds (process running for 6.732)
2023-06-22 16:31:49.255  INFO 4036 --- [SpringApplicationShutdownHook] j.LocalContainerEntityManagerFactoryBean : Closing JPA EntityManagerFactory for persistence unit 'default'
2023-06-22 16:31:49.261  INFO 4036 --- [SpringApplicationShutdownHook] com.zaxxer.hikari.HikariDataSource       : HikariPool-1 - Shutdown initiated...
2023-06-22 16:31:49.268  INFO 4036 --- [SpringApplicationShutdownHook] com.zaxxer.hikari.HikariDataSource       : HikariPool-1 - Shutdown completed.
